<?xml version="1.0" encoding="UTF-8"?>
<!-- Generated by org.testng.reporters.JUnitXMLReporter -->
<testsuite ignored="13" hostname="niveus-HP-ProBook-440-G2" failures="1" tests="1" name="Command line test" time="0.386" errors="0" timestamp="2022-01-12T19:49:35 IST">
  <testcase classname="com.keyword.base.Base" name="@AfterMethod getResult" time="0.328">
    <failure type="java.lang.NullPointerException">
      <![CDATA[java.lang.NullPointerException
at com.keyword.base.Base.getResult(Base.java:188)
at java.base/java.util.ArrayList.forEach(ArrayList.java:1511)
... Removed 41 stack frames]]>
    </failure>
  </testcase> <!-- @AfterMethod getResult -->
  <testcase classname="com.test.LogintTest" name="Sanity_for_RD" time="0.001">
    <failure type="java.lang.NullPointerException">
      <![CDATA[java.lang.NullPointerException
at com.test.LogintTest.Sanity_for_RD(LogintTest.java:50)
at java.base/java.util.ArrayList.forEach(ArrayList.java:1511)
... Removed 36 stack frames]]>
    </failure>
  </testcase> <!-- Sanity_for_RD -->
  <testcase classname="com.test.LogintTest" name="Sanity_for_VL_LAP" time="0.0">
    <ignored/>
  </testcase> <!-- Sanity_for_VL_LAP -->
  <testcase classname="com.test.LogintTest" name="Sanity_for_VL_HL" time="0.0">
    <ignored/>
  </testcase> <!-- Sanity_for_VL_HL -->
  <testcase classname="com.test.LogintTest" name="Sanity_for_Credit_Card" time="0.0">
    <ignored/>
  </testcase> <!-- Sanity_for_Credit_Card -->
  <testcase classname="com.test.LogintTest" name="Sanity_for_Auto_loan" time="0.0">
    <ignored/>
  </testcase> <!-- Sanity_for_Auto_loan -->
  <testcase classname="com.test.LogintTest" name="Sanity_for_IWISH" time="0.0">
    <ignored/>
  </testcase> <!-- Sanity_for_IWISH -->
  <testcase classname="com.test.LogintTest" name="Sanity_for_Personal_loan" time="0.0">
    <ignored/>
  </testcase> <!-- Sanity_for_Personal_loan -->
  <testcase classname="com.test.LogintTest" name="Sanity_for_VL_PPF" time="0.0">
    <ignored/>
  </testcase> <!-- Sanity_for_VL_PPF -->
  <testcase classname="com.test.LogintTest" name="Sanity_for_VL_OD" time="0.0">
    <ignored/>
  </testcase> <!-- Sanity_for_VL_OD -->
  <testcase classname="com.test.LogintTest" name="Sanity_for_VL_NPS" time="0.0">
    <ignored/>
  </testcase> <!-- Sanity_for_VL_NPS -->
  <testcase classname="com.test.LogintTest" name="Sanity_for_Home_loan" time="0.0">
    <ignored/>
  </testcase> <!-- Sanity_for_Home_loan -->
  <testcase classname="com.test.LogintTest" name="Sanity_for_Two_wheeler_loan" time="0.0">
    <ignored/>
  </testcase> <!-- Sanity_for_Two_wheeler_loan -->
  <testcase classname="com.test.LogintTest" name="Sanity_for_FD" time="0.0">
    <ignored/>
  </testcase> <!-- Sanity_for_FD -->
  <testcase classname="com.test.LogintTest" name="Sanity_for_VL_24HR_TOPUP" time="0.0">
    <ignored/>
  </testcase> <!-- Sanity_for_VL_24HR_TOPUP -->
</testsuite> <!-- Command line test -->
